{"/workspace/frontend/src/App.jsx": {"path":"/workspace/frontend/src/App.jsx","statementMap":{"0":{"start":{"line":6,"column":44},"end":{"line":6,"column":58}},"1":{"start":{"line":7,"column":44},"end":{"line":7,"column":58}},"2":{"start":{"line":8,"column":28},"end":{"line":8,"column":40}},"3":{"start":{"line":9,"column":36},"end":{"line":9,"column":50}},"4":{"start":{"line":11,"column":29},"end":{"line":11,"column":41}},"5":{"start":{"line":12,"column":31},"end":{"line":12,"column":43}},"6":{"start":{"line":14,"column":18},"end":{"line":14,"column":49}},"7":{"start":{"line":14,"column":32},"end":{"line":14,"column":44}},"8":{"start":{"line":16,"column":23},"end":{"line":31,"column":3}},"9":{"start":{"line":17,"column":4},"end":{"line":30,"column":5}},"10":{"start":{"line":18,"column":23},"end":{"line":18,"column":71}},"11":{"start":{"line":19,"column":19},"end":{"line":19,"column":51}},"12":{"start":{"line":20,"column":6},"end":{"line":20,"column":43}},"13":{"start":{"line":21,"column":6},"end":{"line":21,"column":43}},"14":{"start":{"line":22,"column":6},"end":{"line":22,"column":44}},"15":{"start":{"line":23,"column":6},"end":{"line":23,"column":18}},"16":{"start":{"line":25,"column":6},"end":{"line":27,"column":7}},"17":{"start":{"line":26,"column":8},"end":{"line":26,"column":32}},"18":{"start":{"line":29,"column":6},"end":{"line":29,"column":38}},"19":{"start":{"line":33,"column":27},"end":{"line":45,"column":3}},"20":{"start":{"line":34,"column":4},"end":{"line":44,"column":5}},"21":{"start":{"line":35,"column":23},"end":{"line":35,"column":85}},"22":{"start":{"line":36,"column":6},"end":{"line":38,"column":7}},"23":{"start":{"line":42,"column":6},"end":{"line":42,"column":17}},"24":{"start":{"line":43,"column":6},"end":{"line":43,"column":23}},"25":{"start":{"line":47,"column":2},"end":{"line":52,"column":8}},"26":{"start":{"line":48,"column":4},"end":{"line":51,"column":5}},"27":{"start":{"line":50,"column":6},"end":{"line":50,"column":49}},"28":{"start":{"line":54,"column":2},"end":{"line":60,"column":8}},"29":{"start":{"line":55,"column":4},"end":{"line":55,"column":18}},"30":{"start":{"line":56,"column":4},"end":{"line":56,"column":66}},"31":{"start":{"line":57,"column":4},"end":{"line":59,"column":5}},"32":{"start":{"line":58,"column":6},"end":{"line":58,"column":79}},"33":{"start":{"line":58,"column":38},"end":{"line":58,"column":79}},"34":{"start":{"line":62,"column":2},"end":{"line":79,"column":17}},"35":{"start":{"line":63,"column":4},"end":{"line":63,"column":45}},"36":{"start":{"line":63,"column":39},"end":{"line":63,"column":45}},"37":{"start":{"line":64,"column":4},"end":{"line":64,"column":81}},"38":{"start":{"line":64,"column":38},"end":{"line":64,"column":81}},"39":{"start":{"line":66,"column":4},"end":{"line":74,"column":12}},"40":{"start":{"line":67,"column":6},"end":{"line":73,"column":8}},"41":{"start":{"line":68,"column":21},"end":{"line":68,"column":73}},"42":{"start":{"line":69,"column":8},"end":{"line":71,"column":9}},"43":{"start":{"line":70,"column":10},"end":{"line":70,"column":28}},"44":{"start":{"line":72,"column":8},"end":{"line":72,"column":19}},"45":{"start":{"line":76,"column":4},"end":{"line":78,"column":5}},"46":{"start":{"line":77,"column":6},"end":{"line":77,"column":83}},"47":{"start":{"line":77,"column":40},"end":{"line":77,"column":83}},"48":{"start":{"line":81,"column":26},"end":{"line":86,"column":3}},"49":{"start":{"line":82,"column":4},"end":{"line":82,"column":52}},"50":{"start":{"line":82,"column":42},"end":{"line":82,"column":52}},"51":{"start":{"line":83,"column":20},"end":{"line":83,"column":49}},"52":{"start":{"line":84,"column":20},"end":{"line":84,"column":37}},"53":{"start":{"line":85,"column":4},"end":{"line":85,"column":84}},"54":{"start":{"line":88,"column":2},"end":{"line":116,"column":3}},"55":{"start":{"line":120,"column":18},"end":{"line":120,"column":57}},"56":{"start":{"line":120,"column":32},"end":{"line":120,"column":52}},"57":{"start":{"line":121,"column":28},"end":{"line":121,"column":40}},"58":{"start":{"line":122,"column":32},"end":{"line":122,"column":47}},"59":{"start":{"line":123,"column":28},"end":{"line":123,"column":40}},"60":{"start":{"line":124,"column":26},"end":{"line":124,"column":73}},"61":{"start":{"line":125,"column":40},"end":{"line":125,"column":54}},"62":{"start":{"line":127,"column":20},"end":{"line":140,"column":3}},"63":{"start":{"line":128,"column":4},"end":{"line":128,"column":20}},"64":{"start":{"line":129,"column":4},"end":{"line":129,"column":16}},"65":{"start":{"line":130,"column":4},"end":{"line":139,"column":5}},"66":{"start":{"line":131,"column":18},"end":{"line":131,"column":59}},"67":{"start":{"line":132,"column":19},"end":{"line":132,"column":46}},"68":{"start":{"line":133,"column":19},"end":{"line":133,"column":92}},"69":{"start":{"line":134,"column":6},"end":{"line":134,"column":20}},"70":{"start":{"line":136,"column":6},"end":{"line":136,"column":38}},"71":{"start":{"line":138,"column":6},"end":{"line":138,"column":23}},"72":{"start":{"line":142,"column":2},"end":{"line":142,"column":38}},"73":{"start":{"line":142,"column":20},"end":{"line":142,"column":31}},"74":{"start":{"line":144,"column":23},"end":{"line":157,"column":3}},"75":{"start":{"line":145,"column":4},"end":{"line":145,"column":22}},"76":{"start":{"line":146,"column":4},"end":{"line":156,"column":5}},"77":{"start":{"line":147,"column":18},"end":{"line":150,"column":8}},"78":{"start":{"line":151,"column":6},"end":{"line":151,"column":33}},"79":{"start":{"line":152,"column":6},"end":{"line":152,"column":52}},"80":{"start":{"line":153,"column":6},"end":{"line":153,"column":17}},"81":{"start":{"line":155,"column":6},"end":{"line":155,"column":35}},"82":{"start":{"line":159,"column":23},"end":{"line":171,"column":3}},"83":{"start":{"line":160,"column":4},"end":{"line":170,"column":5}},"84":{"start":{"line":161,"column":18},"end":{"line":164,"column":8}},"85":{"start":{"line":165,"column":6},"end":{"line":165,"column":33}},"86":{"start":{"line":166,"column":6},"end":{"line":166,"column":26}},"87":{"start":{"line":167,"column":6},"end":{"line":167,"column":17}},"88":{"start":{"line":169,"column":6},"end":{"line":169,"column":35}},"89":{"start":{"line":173,"column":23},"end":{"line":182,"column":3}},"90":{"start":{"line":174,"column":4},"end":{"line":174,"column":45}},"91":{"start":{"line":174,"column":39},"end":{"line":174,"column":45}},"92":{"start":{"line":175,"column":4},"end":{"line":181,"column":5}},"93":{"start":{"line":176,"column":18},"end":{"line":176,"column":91}},"94":{"start":{"line":177,"column":6},"end":{"line":177,"column":68}},"95":{"start":{"line":177,"column":41},"end":{"line":177,"column":68}},"96":{"start":{"line":178,"column":6},"end":{"line":178,"column":17}},"97":{"start":{"line":180,"column":6},"end":{"line":180,"column":35}},"98":{"start":{"line":184,"column":2},"end":{"line":243,"column":3}},"99":{"start":{"line":190,"column":73},"end":{"line":190,"column":115}},"100":{"start":{"line":191,"column":88},"end":{"line":191,"column":131}},"101":{"start":{"line":192,"column":97},"end":{"line":192,"column":143}},"102":{"start":{"line":211,"column":16},"end":{"line":236,"column":21}},"103":{"start":{"line":215,"column":71},"end":{"line":215,"column":127}},"104":{"start":{"line":220,"column":72},"end":{"line":220,"column":129}},"105":{"start":{"line":226,"column":47},"end":{"line":226,"column":65}},"106":{"start":{"line":227,"column":47},"end":{"line":227,"column":67}},"107":{"start":{"line":231,"column":47},"end":{"line":231,"column":105}},"108":{"start":{"line":232,"column":47},"end":{"line":232,"column":65}},"109":{"start":{"line":247,"column":18},"end":{"line":247,"column":49}},"110":{"start":{"line":247,"column":32},"end":{"line":247,"column":44}},"111":{"start":{"line":248,"column":26},"end":{"line":248,"column":80}},"112":{"start":{"line":249,"column":30},"end":{"line":249,"column":42}},"113":{"start":{"line":251,"column":23},"end":{"line":269,"column":3}},"114":{"start":{"line":252,"column":4},"end":{"line":252,"column":22}},"115":{"start":{"line":253,"column":4},"end":{"line":253,"column":17}},"116":{"start":{"line":254,"column":4},"end":{"line":268,"column":5}},"117":{"start":{"line":255,"column":18},"end":{"line":262,"column":8}},"118":{"start":{"line":263,"column":6},"end":{"line":263,"column":33}},"119":{"start":{"line":264,"column":6},"end":{"line":264,"column":41}},"120":{"start":{"line":265,"column":6},"end":{"line":265,"column":59}},"121":{"start":{"line":267,"column":6},"end":{"line":267,"column":39}},"122":{"start":{"line":271,"column":2},"end":{"line":289,"column":3}},"123":{"start":{"line":277,"column":69},"end":{"line":277,"column":114}},"124":{"start":{"line":279,"column":68},"end":{"line":279,"column":112}},"125":{"start":{"line":281,"column":59},"end":{"line":281,"column":108}},"126":{"start":{"line":293,"column":18},"end":{"line":293,"column":49}},"127":{"start":{"line":293,"column":32},"end":{"line":293,"column":44}},"128":{"start":{"line":294,"column":26},"end":{"line":294,"column":38}},"129":{"start":{"line":295,"column":32},"end":{"line":295,"column":74}},"130":{"start":{"line":296,"column":30},"end":{"line":296,"column":42}},"131":{"start":{"line":298,"column":19},"end":{"line":311,"column":3}},"132":{"start":{"line":299,"column":4},"end":{"line":299,"column":17}},"133":{"start":{"line":300,"column":4},"end":{"line":310,"column":5}},"134":{"start":{"line":301,"column":17},"end":{"line":301,"column":38}},"135":{"start":{"line":302,"column":6},"end":{"line":302,"column":61}},"136":{"start":{"line":302,"column":27},"end":{"line":302,"column":61}},"137":{"start":{"line":303,"column":6},"end":{"line":303,"column":73}},"138":{"start":{"line":303,"column":31},"end":{"line":303,"column":73}},"139":{"start":{"line":304,"column":18},"end":{"line":304,"column":81}},"140":{"start":{"line":305,"column":19},"end":{"line":305,"column":46}},"141":{"start":{"line":306,"column":19},"end":{"line":306,"column":92}},"142":{"start":{"line":307,"column":6},"end":{"line":307,"column":19}},"143":{"start":{"line":309,"column":6},"end":{"line":309,"column":39}},"144":{"start":{"line":313,"column":2},"end":{"line":313,"column":37}},"145":{"start":{"line":313,"column":20},"end":{"line":313,"column":30}},"146":{"start":{"line":315,"column":2},"end":{"line":349,"column":3}},"147":{"start":{"line":320,"column":80},"end":{"line":320,"column":131}},"148":{"start":{"line":321,"column":88},"end":{"line":321,"column":143}},"149":{"start":{"line":338,"column":14},"end":{"line":343,"column":19}},"150":{"start":{"line":353,"column":18},"end":{"line":353,"column":49}},"151":{"start":{"line":353,"column":32},"end":{"line":353,"column":44}},"152":{"start":{"line":354,"column":34},"end":{"line":354,"column":46}},"153":{"start":{"line":355,"column":32},"end":{"line":355,"column":69}},"154":{"start":{"line":356,"column":30},"end":{"line":356,"column":42}},"155":{"start":{"line":358,"column":23},"end":{"line":371,"column":3}},"156":{"start":{"line":359,"column":4},"end":{"line":359,"column":17}},"157":{"start":{"line":360,"column":4},"end":{"line":370,"column":5}},"158":{"start":{"line":361,"column":17},"end":{"line":361,"column":38}},"159":{"start":{"line":362,"column":6},"end":{"line":362,"column":61}},"160":{"start":{"line":362,"column":27},"end":{"line":362,"column":61}},"161":{"start":{"line":363,"column":6},"end":{"line":363,"column":65}},"162":{"start":{"line":363,"column":33},"end":{"line":363,"column":65}},"163":{"start":{"line":364,"column":18},"end":{"line":364,"column":85}},"164":{"start":{"line":365,"column":19},"end":{"line":365,"column":46}},"165":{"start":{"line":366,"column":19},"end":{"line":366,"column":92}},"166":{"start":{"line":367,"column":6},"end":{"line":367,"column":23}},"167":{"start":{"line":369,"column":6},"end":{"line":369,"column":39}},"168":{"start":{"line":373,"column":2},"end":{"line":373,"column":41}},"169":{"start":{"line":373,"column":20},"end":{"line":373,"column":34}},"170":{"start":{"line":375,"column":2},"end":{"line":413,"column":3}},"171":{"start":{"line":380,"column":80},"end":{"line":380,"column":131}},"172":{"start":{"line":381,"column":58},"end":{"line":381,"column":108}},"173":{"start":{"line":402,"column":14},"end":{"line":407,"column":19}},"174":{"start":{"line":417,"column":2},"end":{"line":426,"column":3}},"175":{"start":{"line":430,"column":2},"end":{"line":442,"column":3}}},"fnMap":{"0":{"name":"Dashboard","decl":{"start":{"line":5,"column":16},"end":{"line":5,"column":25}},"loc":{"start":{"line":5,"column":28},"end":{"line":117,"column":1}},"line":5},"1":{"name":"(anonymous_1)","decl":{"start":{"line":14,"column":26},"end":{"line":14,"column":27}},"loc":{"start":{"line":14,"column":32},"end":{"line":14,"column":44}},"line":14},"2":{"name":"(anonymous_2)","decl":{"start":{"line":16,"column":23},"end":{"line":16,"column":24}},"loc":{"start":{"line":16,"column":35},"end":{"line":31,"column":3}},"line":16},"3":{"name":"(anonymous_3)","decl":{"start":{"line":33,"column":27},"end":{"line":33,"column":28}},"loc":{"start":{"line":33,"column":39},"end":{"line":45,"column":3}},"line":33},"4":{"name":"(anonymous_4)","decl":{"start":{"line":47,"column":12},"end":{"line":47,"column":13}},"loc":{"start":{"line":47,"column":18},"end":{"line":52,"column":3}},"line":47},"5":{"name":"(anonymous_5)","decl":{"start":{"line":54,"column":12},"end":{"line":54,"column":13}},"loc":{"start":{"line":54,"column":18},"end":{"line":60,"column":3}},"line":54},"6":{"name":"(anonymous_6)","decl":{"start":{"line":57,"column":11},"end":{"line":57,"column":12}},"loc":{"start":{"line":57,"column":17},"end":{"line":59,"column":5}},"line":57},"7":{"name":"(anonymous_7)","decl":{"start":{"line":62,"column":12},"end":{"line":62,"column":13}},"loc":{"start":{"line":62,"column":18},"end":{"line":79,"column":3}},"line":62},"8":{"name":"(anonymous_8)","decl":{"start":{"line":66,"column":47},"end":{"line":66,"column":48}},"loc":{"start":{"line":66,"column":53},"end":{"line":74,"column":5}},"line":66},"9":{"name":"(anonymous_9)","decl":{"start":{"line":67,"column":19},"end":{"line":67,"column":20}},"loc":{"start":{"line":67,"column":29},"end":{"line":73,"column":7}},"line":67},"10":{"name":"(anonymous_10)","decl":{"start":{"line":76,"column":11},"end":{"line":76,"column":12}},"loc":{"start":{"line":76,"column":17},"end":{"line":78,"column":5}},"line":76},"11":{"name":"(anonymous_11)","decl":{"start":{"line":81,"column":26},"end":{"line":81,"column":27}},"loc":{"start":{"line":81,"column":44},"end":{"line":86,"column":3}},"line":81},"12":{"name":"AdminUsers","decl":{"start":{"line":119,"column":16},"end":{"line":119,"column":26}},"loc":{"start":{"line":119,"column":29},"end":{"line":244,"column":1}},"line":119},"13":{"name":"(anonymous_13)","decl":{"start":{"line":120,"column":26},"end":{"line":120,"column":27}},"loc":{"start":{"line":120,"column":32},"end":{"line":120,"column":52}},"line":120},"14":{"name":"(anonymous_14)","decl":{"start":{"line":127,"column":20},"end":{"line":127,"column":21}},"loc":{"start":{"line":127,"column":32},"end":{"line":140,"column":3}},"line":127},"15":{"name":"(anonymous_15)","decl":{"start":{"line":142,"column":12},"end":{"line":142,"column":13}},"loc":{"start":{"line":142,"column":18},"end":{"line":142,"column":33}},"line":142},"16":{"name":"(anonymous_16)","decl":{"start":{"line":144,"column":23},"end":{"line":144,"column":24}},"loc":{"start":{"line":144,"column":36},"end":{"line":157,"column":3}},"line":144},"17":{"name":"(anonymous_17)","decl":{"start":{"line":159,"column":23},"end":{"line":159,"column":24}},"loc":{"start":{"line":159,"column":41},"end":{"line":171,"column":3}},"line":159},"18":{"name":"(anonymous_18)","decl":{"start":{"line":173,"column":23},"end":{"line":173,"column":24}},"loc":{"start":{"line":173,"column":41},"end":{"line":182,"column":3}},"line":173},"19":{"name":"(anonymous_19)","decl":{"start":{"line":190,"column":66},"end":{"line":190,"column":67}},"loc":{"start":{"line":190,"column":73},"end":{"line":190,"column":115}},"line":190},"20":{"name":"(anonymous_20)","decl":{"start":{"line":191,"column":81},"end":{"line":191,"column":82}},"loc":{"start":{"line":191,"column":88},"end":{"line":191,"column":131}},"line":191},"21":{"name":"(anonymous_21)","decl":{"start":{"line":192,"column":90},"end":{"line":192,"column":91}},"loc":{"start":{"line":192,"column":97},"end":{"line":192,"column":143}},"line":192},"22":{"name":"(anonymous_22)","decl":{"start":{"line":210,"column":25},"end":{"line":210,"column":26}},"loc":{"start":{"line":211,"column":16},"end":{"line":236,"column":21}},"line":211},"23":{"name":"(anonymous_23)","decl":{"start":{"line":215,"column":64},"end":{"line":215,"column":65}},"loc":{"start":{"line":215,"column":71},"end":{"line":215,"column":127}},"line":215},"24":{"name":"(anonymous_24)","decl":{"start":{"line":220,"column":65},"end":{"line":220,"column":66}},"loc":{"start":{"line":220,"column":72},"end":{"line":220,"column":129}},"line":220},"25":{"name":"(anonymous_25)","decl":{"start":{"line":226,"column":41},"end":{"line":226,"column":42}},"loc":{"start":{"line":226,"column":47},"end":{"line":226,"column":65}},"line":226},"26":{"name":"(anonymous_26)","decl":{"start":{"line":227,"column":41},"end":{"line":227,"column":42}},"loc":{"start":{"line":227,"column":47},"end":{"line":227,"column":67}},"line":227},"27":{"name":"(anonymous_27)","decl":{"start":{"line":231,"column":41},"end":{"line":231,"column":42}},"loc":{"start":{"line":231,"column":47},"end":{"line":231,"column":105}},"line":231},"28":{"name":"(anonymous_28)","decl":{"start":{"line":232,"column":41},"end":{"line":232,"column":42}},"loc":{"start":{"line":232,"column":47},"end":{"line":232,"column":65}},"line":232},"29":{"name":"AdminRecharge","decl":{"start":{"line":246,"column":16},"end":{"line":246,"column":29}},"loc":{"start":{"line":246,"column":32},"end":{"line":290,"column":1}},"line":246},"30":{"name":"(anonymous_30)","decl":{"start":{"line":247,"column":26},"end":{"line":247,"column":27}},"loc":{"start":{"line":247,"column":32},"end":{"line":247,"column":44}},"line":247},"31":{"name":"(anonymous_31)","decl":{"start":{"line":251,"column":23},"end":{"line":251,"column":24}},"loc":{"start":{"line":251,"column":36},"end":{"line":269,"column":3}},"line":251},"32":{"name":"(anonymous_32)","decl":{"start":{"line":277,"column":62},"end":{"line":277,"column":63}},"loc":{"start":{"line":277,"column":69},"end":{"line":277,"column":114}},"line":277},"33":{"name":"(anonymous_33)","decl":{"start":{"line":279,"column":61},"end":{"line":279,"column":62}},"loc":{"start":{"line":279,"column":68},"end":{"line":279,"column":112}},"line":279},"34":{"name":"(anonymous_34)","decl":{"start":{"line":281,"column":52},"end":{"line":281,"column":53}},"loc":{"start":{"line":281,"column":59},"end":{"line":281,"column":108}},"line":281},"35":{"name":"AdminLogs","decl":{"start":{"line":292,"column":16},"end":{"line":292,"column":25}},"loc":{"start":{"line":292,"column":28},"end":{"line":350,"column":1}},"line":292},"36":{"name":"(anonymous_36)","decl":{"start":{"line":293,"column":26},"end":{"line":293,"column":27}},"loc":{"start":{"line":293,"column":32},"end":{"line":293,"column":44}},"line":293},"37":{"name":"(anonymous_37)","decl":{"start":{"line":298,"column":19},"end":{"line":298,"column":20}},"loc":{"start":{"line":298,"column":31},"end":{"line":311,"column":3}},"line":298},"38":{"name":"(anonymous_38)","decl":{"start":{"line":313,"column":12},"end":{"line":313,"column":13}},"loc":{"start":{"line":313,"column":18},"end":{"line":313,"column":32}},"line":313},"39":{"name":"(anonymous_39)","decl":{"start":{"line":320,"column":73},"end":{"line":320,"column":74}},"loc":{"start":{"line":320,"column":80},"end":{"line":320,"column":131}},"line":320},"40":{"name":"(anonymous_40)","decl":{"start":{"line":321,"column":81},"end":{"line":321,"column":82}},"loc":{"start":{"line":321,"column":88},"end":{"line":321,"column":143}},"line":321},"41":{"name":"(anonymous_41)","decl":{"start":{"line":337,"column":22},"end":{"line":337,"column":23}},"loc":{"start":{"line":338,"column":14},"end":{"line":343,"column":19}},"line":338},"42":{"name":"AdminSessions","decl":{"start":{"line":352,"column":16},"end":{"line":352,"column":29}},"loc":{"start":{"line":352,"column":32},"end":{"line":414,"column":1}},"line":352},"43":{"name":"(anonymous_43)","decl":{"start":{"line":353,"column":26},"end":{"line":353,"column":27}},"loc":{"start":{"line":353,"column":32},"end":{"line":353,"column":44}},"line":353},"44":{"name":"(anonymous_44)","decl":{"start":{"line":358,"column":23},"end":{"line":358,"column":24}},"loc":{"start":{"line":358,"column":35},"end":{"line":371,"column":3}},"line":358},"45":{"name":"(anonymous_45)","decl":{"start":{"line":373,"column":12},"end":{"line":373,"column":13}},"loc":{"start":{"line":373,"column":18},"end":{"line":373,"column":36}},"line":373},"46":{"name":"(anonymous_46)","decl":{"start":{"line":380,"column":73},"end":{"line":380,"column":74}},"loc":{"start":{"line":380,"column":80},"end":{"line":380,"column":131}},"line":380},"47":{"name":"(anonymous_47)","decl":{"start":{"line":381,"column":51},"end":{"line":381,"column":52}},"loc":{"start":{"line":381,"column":58},"end":{"line":381,"column":108}},"line":381},"48":{"name":"(anonymous_48)","decl":{"start":{"line":401,"column":26},"end":{"line":401,"column":27}},"loc":{"start":{"line":402,"column":14},"end":{"line":407,"column":19}},"line":402},"49":{"name":"Nav","decl":{"start":{"line":416,"column":9},"end":{"line":416,"column":12}},"loc":{"start":{"line":416,"column":15},"end":{"line":427,"column":1}},"line":416},"50":{"name":"App","decl":{"start":{"line":429,"column":24},"end":{"line":429,"column":27}},"loc":{"start":{"line":429,"column":30},"end":{"line":443,"column":1}},"line":429}},"branchMap":{"0":{"loc":{"start":{"line":25,"column":6},"end":{"line":27,"column":7}},"type":"if","locations":[{"start":{"line":25,"column":6},"end":{"line":27,"column":7}},{"start":{},"end":{}}],"line":25},"1":{"loc":{"start":{"line":29,"column":22},"end":{"line":29,"column":36}},"type":"binary-expr","locations":[{"start":{"line":29,"column":22},"end":{"line":29,"column":31}},{"start":{"line":29,"column":35},"end":{"line":29,"column":36}}],"line":29},"2":{"loc":{"start":{"line":36,"column":6},"end":{"line":38,"column":7}},"type":"if","locations":[{"start":{"line":36,"column":6},"end":{"line":38,"column":7}},{"start":{},"end":{}}],"line":36},"3":{"loc":{"start":{"line":36,"column":10},"end":{"line":36,"column":49}},"type":"binary-expr","locations":[{"start":{"line":36,"column":10},"end":{"line":36,"column":22}},{"start":{"line":36,"column":26},"end":{"line":36,"column":49}}],"line":36},"4":{"loc":{"start":{"line":48,"column":4},"end":{"line":51,"column":5}},"type":"if","locations":[{"start":{"line":48,"column":4},"end":{"line":51,"column":5}},{"start":{},"end":{}}],"line":48},"5":{"loc":{"start":{"line":58,"column":6},"end":{"line":58,"column":79}},"type":"if","locations":[{"start":{"line":58,"column":6},"end":{"line":58,"column":79}},{"start":{},"end":{}}],"line":58},"6":{"loc":{"start":{"line":63,"column":4},"end":{"line":63,"column":45}},"type":"if","locations":[{"start":{"line":63,"column":4},"end":{"line":63,"column":45}},{"start":{},"end":{}}],"line":63},"7":{"loc":{"start":{"line":64,"column":4},"end":{"line":64,"column":81}},"type":"if","locations":[{"start":{"line":64,"column":4},"end":{"line":64,"column":81}},{"start":{},"end":{}}],"line":64},"8":{"loc":{"start":{"line":68,"column":21},"end":{"line":68,"column":73}},"type":"cond-expr","locations":[{"start":{"line":68,"column":48},"end":{"line":68,"column":69}},{"start":{"line":68,"column":72},"end":{"line":68,"column":73}}],"line":68},"9":{"loc":{"start":{"line":69,"column":8},"end":{"line":71,"column":9}},"type":"if","locations":[{"start":{"line":69,"column":8},"end":{"line":71,"column":9}},{"start":{},"end":{}}],"line":69},"10":{"loc":{"start":{"line":77,"column":6},"end":{"line":77,"column":83}},"type":"if","locations":[{"start":{"line":77,"column":6},"end":{"line":77,"column":83}},{"start":{},"end":{}}],"line":77},"11":{"loc":{"start":{"line":82,"column":4},"end":{"line":82,"column":52}},"type":"if","locations":[{"start":{"line":82,"column":4},"end":{"line":82,"column":52}},{"start":{},"end":{}}],"line":82},"12":{"loc":{"start":{"line":97,"column":58},"end":{"line":97,"column":78}},"type":"binary-expr","locations":[{"start":{"line":97,"column":58},"end":{"line":97,"column":71}},{"start":{"line":97,"column":75},"end":{"line":97,"column":78}}],"line":97},"13":{"loc":{"start":{"line":101,"column":58},"end":{"line":101,"column":78}},"type":"binary-expr","locations":[{"start":{"line":101,"column":58},"end":{"line":101,"column":71}},{"start":{"line":101,"column":75},"end":{"line":101,"column":78}}],"line":101},"14":{"loc":{"start":{"line":108,"column":9},"end":{"line":110,"column":9}},"type":"binary-expr","locations":[{"start":{"line":108,"column":9},"end":{"line":108,"column":14}},{"start":{"line":109,"column":10},"end":{"line":109,"column":88}}],"line":108},"15":{"loc":{"start":{"line":111,"column":9},"end":{"line":113,"column":9}},"type":"binary-expr","locations":[{"start":{"line":111,"column":9},"end":{"line":111,"column":15}},{"start":{"line":111,"column":19},"end":{"line":111,"column":41}},{"start":{"line":111,"column":45},"end":{"line":111,"column":67}},{"start":{"line":112,"column":10},"end":{"line":112,"column":70}}],"line":111},"16":{"loc":{"start":{"line":133,"column":19},"end":{"line":133,"column":92}},"type":"cond-expr","locations":[{"start":{"line":133,"column":47},"end":{"line":133,"column":56}},{"start":{"line":133,"column":60},"end":{"line":133,"column":91}}],"line":133},"17":{"loc":{"start":{"line":133,"column":60},"end":{"line":133,"column":91}},"type":"cond-expr","locations":[{"start":{"line":133,"column":82},"end":{"line":133,"column":86}},{"start":{"line":133,"column":89},"end":{"line":133,"column":91}}],"line":133},"18":{"loc":{"start":{"line":136,"column":22},"end":{"line":136,"column":36}},"type":"binary-expr","locations":[{"start":{"line":136,"column":22},"end":{"line":136,"column":31}},{"start":{"line":136,"column":35},"end":{"line":136,"column":36}}],"line":136},"19":{"loc":{"start":{"line":155,"column":12},"end":{"line":155,"column":34}},"type":"binary-expr","locations":[{"start":{"line":155,"column":12},"end":{"line":155,"column":21}},{"start":{"line":155,"column":25},"end":{"line":155,"column":34}}],"line":155},"20":{"loc":{"start":{"line":169,"column":12},"end":{"line":169,"column":34}},"type":"binary-expr","locations":[{"start":{"line":169,"column":12},"end":{"line":169,"column":21}},{"start":{"line":169,"column":25},"end":{"line":169,"column":34}}],"line":169},"21":{"loc":{"start":{"line":174,"column":4},"end":{"line":174,"column":45}},"type":"if","locations":[{"start":{"line":174,"column":4},"end":{"line":174,"column":45}},{"start":{},"end":{}}],"line":174},"22":{"loc":{"start":{"line":177,"column":6},"end":{"line":177,"column":68}},"type":"if","locations":[{"start":{"line":177,"column":6},"end":{"line":177,"column":68}},{"start":{},"end":{}}],"line":177},"23":{"loc":{"start":{"line":177,"column":10},"end":{"line":177,"column":39}},"type":"binary-expr","locations":[{"start":{"line":177,"column":10},"end":{"line":177,"column":17}},{"start":{"line":177,"column":21},"end":{"line":177,"column":39}}],"line":177},"24":{"loc":{"start":{"line":180,"column":12},"end":{"line":180,"column":34}},"type":"binary-expr","locations":[{"start":{"line":180,"column":12},"end":{"line":180,"column":21}},{"start":{"line":180,"column":25},"end":{"line":180,"column":34}}],"line":180},"25":{"loc":{"start":{"line":199,"column":9},"end":{"line":240,"column":9}},"type":"cond-expr","locations":[{"start":{"line":199,"column":19},"end":{"line":199,"column":31}},{"start":{"line":199,"column":34},"end":{"line":240,"column":9}}],"line":199},"26":{"loc":{"start":{"line":199,"column":34},"end":{"line":240,"column":9}},"type":"cond-expr","locations":[{"start":{"line":199,"column":42},"end":{"line":199,"column":89}},{"start":{"line":200,"column":10},"end":{"line":239,"column":18}}],"line":199},"27":{"loc":{"start":{"line":214,"column":21},"end":{"line":216,"column":30}},"type":"cond-expr","locations":[{"start":{"line":215,"column":22},"end":{"line":215,"column":131}},{"start":{"line":216,"column":24},"end":{"line":216,"column":30}}],"line":214},"28":{"loc":{"start":{"line":219,"column":21},"end":{"line":221,"column":31}},"type":"cond-expr","locations":[{"start":{"line":220,"column":22},"end":{"line":220,"column":133}},{"start":{"line":221,"column":24},"end":{"line":221,"column":31}}],"line":219},"29":{"loc":{"start":{"line":224,"column":21},"end":{"line":234,"column":21}},"type":"cond-expr","locations":[{"start":{"line":225,"column":22},"end":{"line":228,"column":25}},{"start":{"line":230,"column":22},"end":{"line":233,"column":25}}],"line":224},"30":{"loc":{"start":{"line":260,"column":23},"end":{"line":260,"column":52}},"type":"binary-expr","locations":[{"start":{"line":260,"column":23},"end":{"line":260,"column":39}},{"start":{"line":260,"column":43},"end":{"line":260,"column":52}}],"line":260},"31":{"loc":{"start":{"line":267,"column":16},"end":{"line":267,"column":38}},"type":"binary-expr","locations":[{"start":{"line":267,"column":16},"end":{"line":267,"column":25}},{"start":{"line":267,"column":29},"end":{"line":267,"column":38}}],"line":267},"32":{"loc":{"start":{"line":285,"column":11},"end":{"line":285,"column":66}},"type":"binary-expr","locations":[{"start":{"line":285,"column":11},"end":{"line":285,"column":17}},{"start":{"line":285,"column":21},"end":{"line":285,"column":66}}],"line":285},"33":{"loc":{"start":{"line":302,"column":6},"end":{"line":302,"column":61}},"type":"if","locations":[{"start":{"line":302,"column":6},"end":{"line":302,"column":61}},{"start":{},"end":{}}],"line":302},"34":{"loc":{"start":{"line":303,"column":6},"end":{"line":303,"column":73}},"type":"if","locations":[{"start":{"line":303,"column":6},"end":{"line":303,"column":73}},{"start":{},"end":{}}],"line":303},"35":{"loc":{"start":{"line":306,"column":19},"end":{"line":306,"column":92}},"type":"cond-expr","locations":[{"start":{"line":306,"column":47},"end":{"line":306,"column":56}},{"start":{"line":306,"column":60},"end":{"line":306,"column":91}}],"line":306},"36":{"loc":{"start":{"line":306,"column":60},"end":{"line":306,"column":91}},"type":"cond-expr","locations":[{"start":{"line":306,"column":82},"end":{"line":306,"column":86}},{"start":{"line":306,"column":89},"end":{"line":306,"column":91}}],"line":306},"37":{"loc":{"start":{"line":309,"column":16},"end":{"line":309,"column":38}},"type":"binary-expr","locations":[{"start":{"line":309,"column":16},"end":{"line":309,"column":25}},{"start":{"line":309,"column":29},"end":{"line":309,"column":38}}],"line":309},"38":{"loc":{"start":{"line":326,"column":9},"end":{"line":326,"column":67}},"type":"binary-expr","locations":[{"start":{"line":326,"column":9},"end":{"line":326,"column":15}},{"start":{"line":326,"column":19},"end":{"line":326,"column":67}}],"line":326},"39":{"loc":{"start":{"line":340,"column":21},"end":{"line":340,"column":47}},"type":"binary-expr","locations":[{"start":{"line":340,"column":21},"end":{"line":340,"column":34}},{"start":{"line":340,"column":38},"end":{"line":340,"column":47}}],"line":340},"40":{"loc":{"start":{"line":362,"column":6},"end":{"line":362,"column":61}},"type":"if","locations":[{"start":{"line":362,"column":6},"end":{"line":362,"column":61}},{"start":{},"end":{}}],"line":362},"41":{"loc":{"start":{"line":363,"column":6},"end":{"line":363,"column":65}},"type":"if","locations":[{"start":{"line":363,"column":6},"end":{"line":363,"column":65}},{"start":{},"end":{}}],"line":363},"42":{"loc":{"start":{"line":366,"column":19},"end":{"line":366,"column":92}},"type":"cond-expr","locations":[{"start":{"line":366,"column":47},"end":{"line":366,"column":56}},{"start":{"line":366,"column":60},"end":{"line":366,"column":91}}],"line":366},"43":{"loc":{"start":{"line":366,"column":60},"end":{"line":366,"column":91}},"type":"cond-expr","locations":[{"start":{"line":366,"column":82},"end":{"line":366,"column":86}},{"start":{"line":366,"column":89},"end":{"line":366,"column":91}}],"line":366},"44":{"loc":{"start":{"line":369,"column":16},"end":{"line":369,"column":38}},"type":"binary-expr","locations":[{"start":{"line":369,"column":16},"end":{"line":369,"column":25}},{"start":{"line":369,"column":29},"end":{"line":369,"column":38}}],"line":369},"45":{"loc":{"start":{"line":390,"column":9},"end":{"line":390,"column":67}},"type":"binary-expr","locations":[{"start":{"line":390,"column":9},"end":{"line":390,"column":15}},{"start":{"line":390,"column":19},"end":{"line":390,"column":67}}],"line":390},"46":{"loc":{"start":{"line":404,"column":21},"end":{"line":404,"column":47}},"type":"binary-expr","locations":[{"start":{"line":404,"column":21},"end":{"line":404,"column":34}},{"start":{"line":404,"column":38},"end":{"line":404,"column":47}}],"line":404},"47":{"loc":{"start":{"line":406,"column":21},"end":{"line":406,"column":38}},"type":"binary-expr","locations":[{"start":{"line":406,"column":21},"end":{"line":406,"column":31}},{"start":{"line":406,"column":35},"end":{"line":406,"column":38}}],"line":406}},"s":{"0":4,"1":4,"2":4,"3":4,"4":4,"5":4,"6":4,"7":2,"8":4,"9":2,"10":2,"11":2,"12":2,"13":2,"14":2,"15":2,"16":2,"17":1,"18":0,"19":4,"20":1,"21":1,"22":1,"23":1,"24":1,"25":4,"26":2,"27":1,"28":4,"29":2,"30":2,"31":2,"32":2,"33":2,"34":4,"35":4,"36":2,"37":2,"38":0,"39":2,"40":0,"41":0,"42":0,"43":0,"44":0,"45":2,"46":2,"47":2,"48":4,"49":4,"50":2,"51":2,"52":2,"53":2,"54":4,"55":6,"56":1,"57":6,"58":6,"59":6,"60":6,"61":6,"62":6,"63":2,"64":2,"65":2,"66":2,"67":2,"68":2,"69":2,"70":0,"71":2,"72":6,"73":1,"74":6,"75":1,"76":1,"77":1,"78":1,"79":1,"80":1,"81":0,"82":6,"83":0,"84":0,"85":0,"86":0,"87":0,"88":0,"89":6,"90":0,"91":0,"92":0,"93":0,"94":0,"95":0,"96":0,"97":0,"98":6,"99":1,"100":1,"101":1,"102":1,"103":0,"104":0,"105":0,"106":0,"107":0,"108":0,"109":5,"110":1,"111":5,"112":5,"113":5,"114":1,"115":1,"116":1,"117":1,"118":1,"119":1,"120":1,"121":0,"122":5,"123":1,"124":1,"125":0,"126":4,"127":1,"128":4,"129":4,"130":4,"131":4,"132":2,"133":2,"134":2,"135":2,"136":0,"137":2,"138":0,"139":2,"140":2,"141":1,"142":1,"143":1,"144":4,"145":1,"146":4,"147":0,"148":0,"149":1,"150":4,"151":1,"152":4,"153":4,"154":4,"155":4,"156":2,"157":2,"158":2,"159":2,"160":0,"161":2,"162":0,"163":2,"164":2,"165":1,"166":1,"167":1,"168":4,"169":1,"170":4,"171":0,"172":0,"173":1,"174":0,"175":0},"f":{"0":4,"1":2,"2":2,"3":1,"4":2,"5":2,"6":2,"7":4,"8":0,"9":0,"10":2,"11":4,"12":6,"13":1,"14":2,"15":1,"16":1,"17":0,"18":0,"19":1,"20":1,"21":1,"22":1,"23":0,"24":0,"25":0,"26":0,"27":0,"28":0,"29":5,"30":1,"31":1,"32":1,"33":1,"34":0,"35":4,"36":1,"37":2,"38":1,"39":0,"40":0,"41":1,"42":4,"43":1,"44":2,"45":1,"46":0,"47":0,"48":1,"49":0,"50":0},"b":{"0":[1,1],"1":[0,0],"2":[0,1],"3":[1,0],"4":[1,1],"5":[2,0],"6":[2,2],"7":[0,2],"8":[0,0],"9":[0,0],"10":[2,0],"11":[2,2],"12":[4,2],"13":[4,2],"14":[4,0],"15":[4,4,2,2],"16":[2,0],"17":[0,0],"18":[0,0],"19":[0,0],"20":[0,0],"21":[0,0],"22":[0,0],"23":[0,0],"24":[0,0],"25":[4,2],"26":[0,2],"27":[0,1],"28":[0,1],"29":[0,1],"30":[1,1],"31":[0,0],"32":[5,1],"33":[0,2],"34":[0,2],"35":[1,0],"36":[0,0],"37":[1,0],"38":[4,3],"39":[1,0],"40":[0,2],"41":[0,2],"42":[1,0],"43":[0,0],"44":[1,0],"45":[4,3],"46":[1,0],"47":[1,1]},"_coverageSchema":"1a1c01bbd47fc00a2c39e90264f33305004495a9","hash":"c8f08a794491e1113471ffdd668241144e39b6fe"}
,"/workspace/frontend/src/api.js": {"path":"/workspace/frontend/src/api.js","statementMap":{"0":{"start":{"line":1,"column":26},"end":{"line":5,"column":1}},"1":{"start":{"line":2,"column":18},"end":{"line":2,"column":111}},"2":{"start":{"line":3,"column":14},"end":{"line":3,"column":68}},"3":{"start":{"line":4,"column":2},"end":{"line":4,"column":37}},"4":{"start":{"line":7,"column":28},"end":{"line":7,"column":63}},"5":{"start":{"line":7,"column":34},"end":{"line":7,"column":63}},"6":{"start":{"line":8,"column":28},"end":{"line":8,"column":75}},"7":{"start":{"line":8,"column":39},"end":{"line":8,"column":75}},"8":{"start":{"line":9,"column":25},"end":{"line":9,"column":63}},"9":{"start":{"line":9,"column":31},"end":{"line":9,"column":63}},"10":{"start":{"line":11,"column":31},"end":{"line":13,"column":1}},"11":{"start":{"line":12,"column":2},"end":{"line":12,"column":38}},"12":{"start":{"line":15,"column":31},"end":{"line":23,"column":1}},"13":{"start":{"line":16,"column":16},"end":{"line":16,"column":30}},"14":{"start":{"line":17,"column":18},"end":{"line":21,"column":3}},"15":{"start":{"line":22,"column":2},"end":{"line":22,"column":43}},"16":{"start":{"line":25,"column":32},"end":{"line":39,"column":1}},"17":{"start":{"line":26,"column":2},"end":{"line":30,"column":3}},"18":{"start":{"line":27,"column":4},"end":{"line":27,"column":15}},"19":{"start":{"line":28,"column":4},"end":{"line":28,"column":21}},"20":{"start":{"line":29,"column":4},"end":{"line":29,"column":38}},"21":{"start":{"line":31,"column":2},"end":{"line":33,"column":3}},"22":{"start":{"line":32,"column":4},"end":{"line":32,"column":32}},"23":{"start":{"line":34,"column":2},"end":{"line":37,"column":3}},"24":{"start":{"line":35,"column":17},"end":{"line":35,"column":38}},"25":{"start":{"line":36,"column":4},"end":{"line":36,"column":54}},"26":{"start":{"line":38,"column":2},"end":{"line":38,"column":24}}},"fnMap":{"0":{"name":"(anonymous_0)","decl":{"start":{"line":1,"column":26},"end":{"line":1,"column":27}},"loc":{"start":{"line":1,"column":32},"end":{"line":5,"column":1}},"line":1},"1":{"name":"(anonymous_1)","decl":{"start":{"line":7,"column":28},"end":{"line":7,"column":29}},"loc":{"start":{"line":7,"column":34},"end":{"line":7,"column":63}},"line":7},"2":{"name":"(anonymous_2)","decl":{"start":{"line":8,"column":28},"end":{"line":8,"column":29}},"loc":{"start":{"line":8,"column":39},"end":{"line":8,"column":75}},"line":8},"3":{"name":"(anonymous_3)","decl":{"start":{"line":9,"column":25},"end":{"line":9,"column":26}},"loc":{"start":{"line":9,"column":31},"end":{"line":9,"column":63}},"line":9},"4":{"name":"(anonymous_4)","decl":{"start":{"line":11,"column":31},"end":{"line":11,"column":32}},"loc":{"start":{"line":11,"column":37},"end":{"line":13,"column":1}},"line":11},"5":{"name":"(anonymous_5)","decl":{"start":{"line":15,"column":31},"end":{"line":15,"column":32}},"loc":{"start":{"line":15,"column":59},"end":{"line":23,"column":1}},"line":15},"6":{"name":"(anonymous_6)","decl":{"start":{"line":25,"column":32},"end":{"line":25,"column":33}},"loc":{"start":{"line":25,"column":52},"end":{"line":39,"column":1}},"line":25}},"branchMap":{"0":{"loc":{"start":{"line":2,"column":18},"end":{"line":2,"column":111}},"type":"cond-expr","locations":[{"start":{"line":2,"column":91},"end":{"line":2,"column":106}},{"start":{"line":2,"column":109},"end":{"line":2,"column":111}}],"line":2},"1":{"loc":{"start":{"line":2,"column":19},"end":{"line":2,"column":87}},"type":"binary-expr","locations":[{"start":{"line":2,"column":19},"end":{"line":2,"column":53}},{"start":{"line":2,"column":57},"end":{"line":2,"column":68}},{"start":{"line":2,"column":72},"end":{"line":2,"column":87}}],"line":2},"2":{"loc":{"start":{"line":3,"column":14},"end":{"line":3,"column":68}},"type":"binary-expr","locations":[{"start":{"line":3,"column":14},"end":{"line":3,"column":34}},{"start":{"line":3,"column":38},"end":{"line":3,"column":68}}],"line":3},"3":{"loc":{"start":{"line":15,"column":45},"end":{"line":15,"column":54}},"type":"default-arg","locations":[{"start":{"line":15,"column":52},"end":{"line":15,"column":54}}],"line":15},"4":{"loc":{"start":{"line":18,"column":8},"end":{"line":18,"column":26}},"type":"binary-expr","locations":[{"start":{"line":18,"column":8},"end":{"line":18,"column":20}},{"start":{"line":18,"column":24},"end":{"line":18,"column":26}}],"line":18},"5":{"loc":{"start":{"line":19,"column":8},"end":{"line":19,"column":57}},"type":"cond-expr","locations":[{"start":{"line":19,"column":16},"end":{"line":19,"column":52}},{"start":{"line":19,"column":55},"end":{"line":19,"column":57}}],"line":19},"6":{"loc":{"start":{"line":26,"column":2},"end":{"line":30,"column":3}},"type":"if","locations":[{"start":{"line":26,"column":2},"end":{"line":30,"column":3}},{"start":{},"end":{}}],"line":26},"7":{"loc":{"start":{"line":31,"column":2},"end":{"line":33,"column":3}},"type":"if","locations":[{"start":{"line":31,"column":2},"end":{"line":33,"column":3}},{"start":{},"end":{}}],"line":31},"8":{"loc":{"start":{"line":34,"column":2},"end":{"line":37,"column":3}},"type":"if","locations":[{"start":{"line":34,"column":2},"end":{"line":37,"column":3}},{"start":{},"end":{}}],"line":34},"9":{"loc":{"start":{"line":36,"column":20},"end":{"line":36,"column":53}},"type":"binary-expr","locations":[{"start":{"line":36,"column":20},"end":{"line":36,"column":24}},{"start":{"line":36,"column":28},"end":{"line":36,"column":53}}],"line":36}},"s":{"0":2,"1":7,"2":7,"3":7,"4":2,"5":15,"6":2,"7":2,"8":2,"9":2,"10":2,"11":2,"12":2,"13":12,"14":12,"15":12,"16":2,"17":12,"18":1,"19":1,"20":1,"21":9,"22":0,"23":9,"24":1,"25":1,"26":8},"f":{"0":7,"1":15,"2":2,"3":2,"4":2,"5":12,"6":12},"b":{"0":[0,7],"1":[7,7,7],"2":[7,7],"3":[8],"4":[12,12],"5":[4,8],"6":[1,9],"7":[0,9],"8":[1,8],"9":[1,0]},"_coverageSchema":"1a1c01bbd47fc00a2c39e90264f33305004495a9","hash":"2cf9e9b265af076c6c9e138a6c06c326f102fc17"}
}
