TN:
SF:src/App.jsx
FN:5,Dashboard
FN:14,(anonymous_1)
FN:16,(anonymous_2)
FN:33,(anonymous_3)
FN:47,(anonymous_4)
FN:54,(anonymous_5)
FN:57,(anonymous_6)
FN:62,(anonymous_7)
FN:66,(anonymous_8)
FN:67,(anonymous_9)
FN:76,(anonymous_10)
FN:81,(anonymous_11)
FN:119,AdminUsers
FN:120,(anonymous_13)
FN:127,(anonymous_14)
FN:142,(anonymous_15)
FN:144,(anonymous_16)
FN:159,(anonymous_17)
FN:173,(anonymous_18)
FN:190,(anonymous_19)
FN:191,(anonymous_20)
FN:192,(anonymous_21)
FN:210,(anonymous_22)
FN:215,(anonymous_23)
FN:220,(anonymous_24)
FN:226,(anonymous_25)
FN:227,(anonymous_26)
FN:231,(anonymous_27)
FN:232,(anonymous_28)
FN:246,AdminRecharge
FN:247,(anonymous_30)
FN:251,(anonymous_31)
FN:277,(anonymous_32)
FN:279,(anonymous_33)
FN:281,(anonymous_34)
FN:292,AdminLogs
FN:293,(anonymous_36)
FN:298,(anonymous_37)
FN:313,(anonymous_38)
FN:320,(anonymous_39)
FN:321,(anonymous_40)
FN:337,(anonymous_41)
FN:352,AdminSessions
FN:353,(anonymous_43)
FN:358,(anonymous_44)
FN:373,(anonymous_45)
FN:380,(anonymous_46)
FN:381,(anonymous_47)
FN:401,(anonymous_48)
FN:416,Nav
FN:429,App
FNF:51
FNH:34
FNDA:4,Dashboard
FNDA:2,(anonymous_1)
FNDA:2,(anonymous_2)
FNDA:1,(anonymous_3)
FNDA:2,(anonymous_4)
FNDA:2,(anonymous_5)
FNDA:2,(anonymous_6)
FNDA:4,(anonymous_7)
FNDA:0,(anonymous_8)
FNDA:0,(anonymous_9)
FNDA:2,(anonymous_10)
FNDA:4,(anonymous_11)
FNDA:6,AdminUsers
FNDA:1,(anonymous_13)
FNDA:2,(anonymous_14)
FNDA:1,(anonymous_15)
FNDA:1,(anonymous_16)
FNDA:0,(anonymous_17)
FNDA:0,(anonymous_18)
FNDA:1,(anonymous_19)
FNDA:1,(anonymous_20)
FNDA:1,(anonymous_21)
FNDA:1,(anonymous_22)
FNDA:0,(anonymous_23)
FNDA:0,(anonymous_24)
FNDA:0,(anonymous_25)
FNDA:0,(anonymous_26)
FNDA:0,(anonymous_27)
FNDA:0,(anonymous_28)
FNDA:5,AdminRecharge
FNDA:1,(anonymous_30)
FNDA:1,(anonymous_31)
FNDA:1,(anonymous_32)
FNDA:1,(anonymous_33)
FNDA:0,(anonymous_34)
FNDA:4,AdminLogs
FNDA:1,(anonymous_36)
FNDA:2,(anonymous_37)
FNDA:1,(anonymous_38)
FNDA:0,(anonymous_39)
FNDA:0,(anonymous_40)
FNDA:1,(anonymous_41)
FNDA:4,AdminSessions
FNDA:1,(anonymous_43)
FNDA:2,(anonymous_44)
FNDA:1,(anonymous_45)
FNDA:0,(anonymous_46)
FNDA:0,(anonymous_47)
FNDA:1,(anonymous_48)
FNDA:0,Nav
FNDA:0,App
DA:6,4
DA:7,4
DA:8,4
DA:9,4
DA:11,4
DA:12,4
DA:14,4
DA:16,4
DA:17,2
DA:18,2
DA:19,2
DA:20,2
DA:21,2
DA:22,2
DA:23,2
DA:25,2
DA:26,1
DA:29,0
DA:33,4
DA:34,1
DA:35,1
DA:36,1
DA:42,1
DA:43,1
DA:47,4
DA:48,2
DA:50,1
DA:54,4
DA:55,2
DA:56,2
DA:57,2
DA:58,2
DA:62,4
DA:63,4
DA:64,2
DA:66,2
DA:67,0
DA:68,0
DA:69,0
DA:70,0
DA:72,0
DA:76,2
DA:77,2
DA:81,4
DA:82,4
DA:83,2
DA:84,2
DA:85,2
DA:88,4
DA:120,6
DA:121,6
DA:122,6
DA:123,6
DA:124,6
DA:125,6
DA:127,6
DA:128,2
DA:129,2
DA:130,2
DA:131,2
DA:132,2
DA:133,2
DA:134,2
DA:136,0
DA:138,2
DA:142,6
DA:144,6
DA:145,1
DA:146,1
DA:147,1
DA:151,1
DA:152,1
DA:153,1
DA:155,0
DA:159,6
DA:160,0
DA:161,0
DA:165,0
DA:166,0
DA:167,0
DA:169,0
DA:173,6
DA:174,0
DA:175,0
DA:176,0
DA:177,0
DA:178,0
DA:180,0
DA:184,6
DA:190,1
DA:191,1
DA:192,1
DA:211,1
DA:215,0
DA:220,0
DA:226,0
DA:227,0
DA:231,0
DA:232,0
DA:247,5
DA:248,5
DA:249,5
DA:251,5
DA:252,1
DA:253,1
DA:254,1
DA:255,1
DA:263,1
DA:264,1
DA:265,1
DA:267,0
DA:271,5
DA:277,1
DA:279,1
DA:281,0
DA:293,4
DA:294,4
DA:295,4
DA:296,4
DA:298,4
DA:299,2
DA:300,2
DA:301,2
DA:302,2
DA:303,2
DA:304,2
DA:305,2
DA:306,1
DA:307,1
DA:309,1
DA:313,4
DA:315,4
DA:320,0
DA:321,0
DA:338,1
DA:353,4
DA:354,4
DA:355,4
DA:356,4
DA:358,4
DA:359,2
DA:360,2
DA:361,2
DA:362,2
DA:363,2
DA:364,2
DA:365,2
DA:366,1
DA:367,1
DA:369,1
DA:373,4
DA:375,4
DA:380,0
DA:381,0
DA:402,1
DA:417,0
DA:430,0
LF:157
LH:123
BRDA:25,0,0,1
BRDA:25,0,1,1
BRDA:29,1,0,0
BRDA:29,1,1,0
BRDA:36,2,0,0
BRDA:36,2,1,1
BRDA:36,3,0,1
BRDA:36,3,1,0
BRDA:48,4,0,1
BRDA:48,4,1,1
BRDA:58,5,0,2
BRDA:58,5,1,0
BRDA:63,6,0,2
BRDA:63,6,1,2
BRDA:64,7,0,0
BRDA:64,7,1,2
BRDA:68,8,0,0
BRDA:68,8,1,0
BRDA:69,9,0,0
BRDA:69,9,1,0
BRDA:77,10,0,2
BRDA:77,10,1,0
BRDA:82,11,0,2
BRDA:82,11,1,2
BRDA:97,12,0,4
BRDA:97,12,1,2
BRDA:101,13,0,4
BRDA:101,13,1,2
BRDA:108,14,0,4
BRDA:108,14,1,0
BRDA:111,15,0,4
BRDA:111,15,1,4
BRDA:111,15,2,2
BRDA:111,15,3,2
BRDA:133,16,0,2
BRDA:133,16,1,0
BRDA:133,17,0,0
BRDA:133,17,1,0
BRDA:136,18,0,0
BRDA:136,18,1,0
BRDA:155,19,0,0
BRDA:155,19,1,0
BRDA:169,20,0,0
BRDA:169,20,1,0
BRDA:174,21,0,0
BRDA:174,21,1,0
BRDA:177,22,0,0
BRDA:177,22,1,0
BRDA:177,23,0,0
BRDA:177,23,1,0
BRDA:180,24,0,0
BRDA:180,24,1,0
BRDA:199,25,0,4
BRDA:199,25,1,2
BRDA:199,26,0,0
BRDA:199,26,1,2
BRDA:214,27,0,0
BRDA:214,27,1,1
BRDA:219,28,0,0
BRDA:219,28,1,1
BRDA:224,29,0,0
BRDA:224,29,1,1
BRDA:260,30,0,1
BRDA:260,30,1,1
BRDA:267,31,0,0
BRDA:267,31,1,0
BRDA:285,32,0,5
BRDA:285,32,1,1
BRDA:302,33,0,0
BRDA:302,33,1,2
BRDA:303,34,0,0
BRDA:303,34,1,2
BRDA:306,35,0,1
BRDA:306,35,1,0
BRDA:306,36,0,0
BRDA:306,36,1,0
BRDA:309,37,0,1
BRDA:309,37,1,0
BRDA:326,38,0,4
BRDA:326,38,1,3
BRDA:340,39,0,1
BRDA:340,39,1,0
BRDA:362,40,0,0
BRDA:362,40,1,2
BRDA:363,41,0,0
BRDA:363,41,1,2
BRDA:366,42,0,1
BRDA:366,42,1,0
BRDA:366,43,0,0
BRDA:366,43,1,0
BRDA:369,44,0,1
BRDA:369,44,1,0
BRDA:390,45,0,4
BRDA:390,45,1,3
BRDA:404,46,0,1
BRDA:404,46,1,0
BRDA:406,47,0,1
BRDA:406,47,1,1
BRF:98
BRH:49
end_of_record
TN:
SF:src/api.js
FN:1,(anonymous_0)
FN:7,(anonymous_1)
FN:8,(anonymous_2)
FN:9,(anonymous_3)
FN:11,(anonymous_4)
FN:15,(anonymous_5)
FN:25,(anonymous_6)
FNF:7
FNH:7
FNDA:7,(anonymous_0)
FNDA:15,(anonymous_1)
FNDA:2,(anonymous_2)
FNDA:2,(anonymous_3)
FNDA:2,(anonymous_4)
FNDA:12,(anonymous_5)
FNDA:12,(anonymous_6)
DA:1,2
DA:2,7
DA:3,7
DA:4,7
DA:7,15
DA:8,2
DA:9,2
DA:11,2
DA:12,2
DA:15,2
DA:16,12
DA:17,12
DA:22,12
DA:25,2
DA:26,12
DA:27,1
DA:28,1
DA:29,1
DA:31,9
DA:32,0
DA:34,9
DA:35,1
DA:36,1
DA:38,8
LF:24
LH:23
BRDA:2,0,0,0
BRDA:2,0,1,7
BRDA:2,1,0,7
BRDA:2,1,1,7
BRDA:2,1,2,7
BRDA:3,2,0,7
BRDA:3,2,1,7
BRDA:15,3,0,8
BRDA:18,4,0,12
BRDA:18,4,1,12
BRDA:19,5,0,4
BRDA:19,5,1,8
BRDA:26,6,0,1
BRDA:26,6,1,9
BRDA:31,7,0,0
BRDA:31,7,1,9
BRDA:34,8,0,1
BRDA:34,8,1,8
BRDA:36,9,0,1
BRDA:36,9,1,0
BRF:20
BRH:17
end_of_record
